Requirement already satisfied: numpy in /users/aca22yn/.local/lib/python3.10/site-packages (2.1.2)
Requirement already satisfied: torch in /users/aca22yn/.local/lib/python3.10/site-packages (2.5.0)
Collecting transformers
  Using cached transformers-4.45.2-py3-none-any.whl (9.9 MB)
Requirement already satisfied: nvidia-cusolver-cu12==11.6.1.9 in /users/aca22yn/.local/lib/python3.10/site-packages (from torch) (11.6.1.9)
Requirement already satisfied: nvidia-cublas-cu12==12.4.5.8 in /users/aca22yn/.local/lib/python3.10/site-packages (from torch) (12.4.5.8)
Requirement already satisfied: nvidia-nccl-cu12==2.21.5 in /users/aca22yn/.local/lib/python3.10/site-packages (from torch) (2.21.5)
Requirement already satisfied: nvidia-curand-cu12==10.3.5.147 in /users/aca22yn/.local/lib/python3.10/site-packages (from torch) (10.3.5.147)
Requirement already satisfied: nvidia-cufft-cu12==11.2.1.3 in /users/aca22yn/.local/lib/python3.10/site-packages (from torch) (11.2.1.3)
Requirement already satisfied: jinja2 in /opt/apps/testapps/el7/software/staging/Python/3.10.8-GCCcore-12.2.0/lib/python3.10/site-packages (from torch) (3.1.2)
Requirement already satisfied: nvidia-cuda-runtime-cu12==12.4.127 in /users/aca22yn/.local/lib/python3.10/site-packages (from torch) (12.4.127)
Requirement already satisfied: networkx in /users/aca22yn/.local/lib/python3.10/site-packages (from torch) (3.4.1)
Requirement already satisfied: nvidia-cuda-cupti-cu12==12.4.127 in /users/aca22yn/.local/lib/python3.10/site-packages (from torch) (12.4.127)
Requirement already satisfied: typing-extensions>=4.8.0 in /users/aca22yn/.local/lib/python3.10/site-packages (from torch) (4.12.2)
Requirement already satisfied: sympy==1.13.1 in /users/aca22yn/.local/lib/python3.10/site-packages (from torch) (1.13.1)
Requirement already satisfied: fsspec in /opt/apps/testapps/el7/software/staging/Python/3.10.8-GCCcore-12.2.0/lib/python3.10/site-packages (from torch) (2022.11.0)
Requirement already satisfied: triton==3.1.0 in /users/aca22yn/.local/lib/python3.10/site-packages (from torch) (3.1.0)
Requirement already satisfied: filelock in /opt/apps/testapps/el7/software/staging/Python/3.10.8-GCCcore-12.2.0/lib/python3.10/site-packages (from torch) (3.8.0)
Requirement already satisfied: nvidia-cudnn-cu12==9.1.0.70 in /users/aca22yn/.local/lib/python3.10/site-packages (from torch) (9.1.0.70)
Requirement already satisfied: nvidia-cusparse-cu12==12.3.1.170 in /users/aca22yn/.local/lib/python3.10/site-packages (from torch) (12.3.1.170)
Requirement already satisfied: nvidia-nvjitlink-cu12==12.4.127 in /users/aca22yn/.local/lib/python3.10/site-packages (from torch) (12.4.127)
Requirement already satisfied: nvidia-cuda-nvrtc-cu12==12.4.127 in /users/aca22yn/.local/lib/python3.10/site-packages (from torch) (12.4.127)
Requirement already satisfied: nvidia-nvtx-cu12==12.4.127 in /users/aca22yn/.local/lib/python3.10/site-packages (from torch) (12.4.127)
Requirement already satisfied: mpmath<1.4,>=1.1.0 in /users/aca22yn/.local/lib/python3.10/site-packages (from sympy==1.13.1->torch) (1.3.0)
Collecting safetensors>=0.4.1
  Downloading safetensors-0.4.5-cp310-cp310-manylinux_2_17_x86_64.manylinux2014_x86_64.whl (435 kB)
     ━━━━━━━━━━━━━━━━━━━━━━━━━━━━━━━━━━━━━━ 435.0/435.0 kB 12.1 MB/s eta 0:00:00
Collecting pyyaml>=5.1
  Downloading PyYAML-6.0.2-cp310-cp310-manylinux_2_17_x86_64.manylinux2014_x86_64.whl (751 kB)
     ━━━━━━━━━━━━━━━━━━━━━━━━━━━━━━━━━━━━━━ 751.2/751.2 kB 44.6 MB/s eta 0:00:00
Collecting tokenizers<0.21,>=0.20
  Downloading tokenizers-0.20.1-cp310-cp310-manylinux_2_17_x86_64.manylinux2014_x86_64.whl (3.0 MB)
     ━━━━━━━━━━━━━━━━━━━━━━━━━━━━━━━━━━━━━━━━ 3.0/3.0 MB 114.8 MB/s eta 0:00:00
Requirement already satisfied: requests in /opt/apps/testapps/el7/software/staging/Python/3.10.8-GCCcore-12.2.0/lib/python3.10/site-packages (from transformers) (2.28.1)
Collecting huggingface-hub<1.0,>=0.23.2
  Using cached huggingface_hub-0.26.0-py3-none-any.whl (447 kB)
Collecting tqdm>=4.27
  Downloading tqdm-4.66.5-py3-none-any.whl (78 kB)
     ━━━━━━━━━━━━━━━━━━━━━━━━━━━━━━━━━━━━━━━━ 78.4/78.4 kB 11.6 MB/s eta 0:00:00
Requirement already satisfied: packaging>=20.0 in /opt/apps/testapps/el7/software/staging/Python/3.10.8-GCCcore-12.2.0/lib/python3.10/site-packages (from transformers) (21.3)
Requirement already satisfied: regex!=2019.12.17 in /opt/apps/testapps/el7/software/staging/Python/3.10.8-GCCcore-12.2.0/lib/python3.10/site-packages (from transformers) (2022.10.31)
Collecting fsspec
  Downloading fsspec-2024.10.0-py3-none-any.whl (179 kB)
     ━━━━━━━━━━━━━━━━━━━━━━━━━━━━━━━━━━━━━━ 179.6/179.6 kB 27.3 MB/s eta 0:00:00
Requirement already satisfied: pyparsing!=3.0.5,>=2.0.2 in /opt/apps/testapps/el7/software/staging/Python/3.10.8-GCCcore-12.2.0/lib/python3.10/site-packages (from packaging>=20.0->transformers) (3.0.9)
Requirement already satisfied: MarkupSafe>=2.0 in /opt/apps/testapps/el7/software/staging/Python/3.10.8-GCCcore-12.2.0/lib/python3.10/site-packages (from jinja2->torch) (2.1.1)
Requirement already satisfied: urllib3<1.27,>=1.21.1 in /opt/apps/testapps/el7/software/staging/Python/3.10.8-GCCcore-12.2.0/lib/python3.10/site-packages (from requests->transformers) (1.26.12)
Requirement already satisfied: charset-normalizer<3,>=2 in /opt/apps/testapps/el7/software/staging/Python/3.10.8-GCCcore-12.2.0/lib/python3.10/site-packages (from requests->transformers) (2.1.1)
Requirement already satisfied: idna<4,>=2.5 in /opt/apps/testapps/el7/software/staging/Python/3.10.8-GCCcore-12.2.0/lib/python3.10/site-packages (from requests->transformers) (3.4)
Requirement already satisfied: certifi>=2017.4.17 in /opt/apps/testapps/el7/software/staging/Python/3.10.8-GCCcore-12.2.0/lib/python3.10/site-packages (from requests->transformers) (2022.9.24)
Installing collected packages: tqdm, safetensors, pyyaml, fsspec, huggingface-hub, tokenizers, transformers
  WARNING: The script tqdm is installed in '/users/aca22yn/.local/bin' which is not on PATH.
  Consider adding this directory to PATH or, if you prefer to suppress this warning, use --no-warn-script-location.
  WARNING: The script huggingface-cli is installed in '/users/aca22yn/.local/bin' which is not on PATH.
  Consider adding this directory to PATH or, if you prefer to suppress this warning, use --no-warn-script-location.
  WARNING: The script transformers-cli is installed in '/users/aca22yn/.local/bin' which is not on PATH.
  Consider adding this directory to PATH or, if you prefer to suppress this warning, use --no-warn-script-location.
Successfully installed fsspec-2024.10.0 huggingface-hub-0.26.0 pyyaml-6.0.2 safetensors-0.4.5 tokenizers-0.20.1 tqdm-4.66.5 transformers-4.45.2

[notice] A new release of pip available: 22.3.1 -> 24.2
[notice] To update, run: pip install --upgrade pip
Traceback (most recent call last):
  File "/mnt/parscratch/users/aca22yn/wanda/main.py", line 8, in <module>
    from lib.prune import prune_wanda, prune_magnitude, prune_sparsegpt, prune_ablate, check_sparsity, find_layers
  File "/mnt/parscratch/users/aca22yn/wanda/lib/prune.py", line 7, in <module>
    from .data import get_loaders 
  File "/mnt/parscratch/users/aca22yn/wanda/lib/data.py", line 6, in <module>
    from datasets import load_dataset
ModuleNotFoundError: No module named 'datasets'
