Collecting numpy
  Using cached numpy-2.1.2-cp310-cp310-manylinux_2_17_x86_64.manylinux2014_x86_64.whl (16.3 MB)
Collecting torch
  Using cached torch-2.5.0-cp310-cp310-manylinux1_x86_64.whl (906.4 MB)
Collecting transformers
  Using cached transformers-4.45.2-py3-none-any.whl (9.9 MB)
Collecting datasets
  Using cached datasets-3.0.1-py3-none-any.whl (471 kB)
Collecting accelerate
  Using cached accelerate-1.0.1-py3-none-any.whl (330 kB)
Collecting nvidia-nccl-cu12==2.21.5
  Using cached nvidia_nccl_cu12-2.21.5-py3-none-manylinux2014_x86_64.whl (188.7 MB)
Collecting nvidia-cublas-cu12==12.4.5.8
  Using cached nvidia_cublas_cu12-12.4.5.8-py3-none-manylinux2014_x86_64.whl (363.4 MB)
Collecting nvidia-nvtx-cu12==12.4.127
  Using cached nvidia_nvtx_cu12-12.4.127-py3-none-manylinux2014_x86_64.whl (99 kB)
Collecting triton==3.1.0
  Using cached triton-3.1.0-cp310-cp310-manylinux_2_17_x86_64.manylinux2014_x86_64.whl (209.5 MB)
Collecting filelock
  Downloading filelock-3.16.1-py3-none-any.whl (16 kB)
Collecting jinja2
  Downloading jinja2-3.1.4-py3-none-any.whl (133 kB)
     ━━━━━━━━━━━━━━━━━━━━━━━━━━━━━━━━━━━━━━━ 133.3/133.3 kB 6.3 MB/s eta 0:00:00
Collecting nvidia-cuda-cupti-cu12==12.4.127
  Using cached nvidia_cuda_cupti_cu12-12.4.127-py3-none-manylinux2014_x86_64.whl (13.8 MB)
Collecting nvidia-cusparse-cu12==12.3.1.170
  Using cached nvidia_cusparse_cu12-12.3.1.170-py3-none-manylinux2014_x86_64.whl (207.5 MB)
Collecting typing-extensions>=4.8.0
  Using cached typing_extensions-4.12.2-py3-none-any.whl (37 kB)
Collecting networkx
  Downloading networkx-3.4.2-py3-none-any.whl (1.7 MB)
     ━━━━━━━━━━━━━━━━━━━━━━━━━━━━━━━━━━━━━━━━ 1.7/1.7 MB 45.9 MB/s eta 0:00:00
Collecting nvidia-cuda-nvrtc-cu12==12.4.127
  Using cached nvidia_cuda_nvrtc_cu12-12.4.127-py3-none-manylinux2014_x86_64.whl (24.6 MB)
Collecting nvidia-curand-cu12==10.3.5.147
  Using cached nvidia_curand_cu12-10.3.5.147-py3-none-manylinux2014_x86_64.whl (56.3 MB)
Collecting nvidia-cusolver-cu12==11.6.1.9
  Using cached nvidia_cusolver_cu12-11.6.1.9-py3-none-manylinux2014_x86_64.whl (127.9 MB)
Collecting sympy==1.13.1
  Using cached sympy-1.13.1-py3-none-any.whl (6.2 MB)
Collecting nvidia-cufft-cu12==11.2.1.3
  Using cached nvidia_cufft_cu12-11.2.1.3-py3-none-manylinux2014_x86_64.whl (211.5 MB)
Collecting nvidia-nvjitlink-cu12==12.4.127
  Using cached nvidia_nvjitlink_cu12-12.4.127-py3-none-manylinux2014_x86_64.whl (21.1 MB)
Collecting nvidia-cuda-runtime-cu12==12.4.127
  Using cached nvidia_cuda_runtime_cu12-12.4.127-py3-none-manylinux2014_x86_64.whl (883 kB)
Collecting fsspec
  Using cached fsspec-2024.10.0-py3-none-any.whl (179 kB)
Collecting nvidia-cudnn-cu12==9.1.0.70
  Using cached nvidia_cudnn_cu12-9.1.0.70-py3-none-manylinux2014_x86_64.whl (664.8 MB)
Collecting mpmath<1.4,>=1.1.0
  Using cached mpmath-1.3.0-py3-none-any.whl (536 kB)
Collecting packaging>=20.0
  Downloading packaging-24.1-py3-none-any.whl (53 kB)
     ━━━━━━━━━━━━━━━━━━━━━━━━━━━━━━━━━━━━━━━━ 54.0/54.0 kB 8.3 MB/s eta 0:00:00
Collecting regex!=2019.12.17
  Downloading regex-2024.9.11-cp310-cp310-manylinux_2_17_x86_64.manylinux2014_x86_64.whl (782 kB)
     ━━━━━━━━━━━━━━━━━━━━━━━━━━━━━━━━━━━━━━ 782.7/782.7 kB 77.6 MB/s eta 0:00:00
Collecting requests
  Using cached requests-2.32.3-py3-none-any.whl (64 kB)
Collecting tokenizers<0.21,>=0.20
  Using cached tokenizers-0.20.1-cp310-cp310-manylinux_2_17_x86_64.manylinux2014_x86_64.whl (3.0 MB)
Collecting huggingface-hub<1.0,>=0.23.2
  Downloading huggingface_hub-0.26.1-py3-none-any.whl (447 kB)
     ━━━━━━━━━━━━━━━━━━━━━━━━━━━━━━━━━━━━━━ 447.4/447.4 kB 62.0 MB/s eta 0:00:00
Collecting tqdm>=4.27
  Using cached tqdm-4.66.5-py3-none-any.whl (78 kB)
Collecting safetensors>=0.4.1
  Using cached safetensors-0.4.5-cp310-cp310-manylinux_2_17_x86_64.manylinux2014_x86_64.whl (435 kB)
Collecting pyyaml>=5.1
  Using cached PyYAML-6.0.2-cp310-cp310-manylinux_2_17_x86_64.manylinux2014_x86_64.whl (751 kB)
Collecting pyarrow>=15.0.0
  Using cached pyarrow-17.0.0-cp310-cp310-manylinux_2_17_x86_64.manylinux2014_x86_64.whl (39.9 MB)
Collecting aiohttp
  Using cached aiohttp-3.10.10-cp310-cp310-manylinux_2_17_x86_64.manylinux2014_x86_64.whl (1.2 MB)
Collecting fsspec[http]<=2024.6.1,>=2023.1.0
  Using cached fsspec-2024.6.1-py3-none-any.whl (177 kB)
Collecting xxhash
  Using cached xxhash-3.5.0-cp310-cp310-manylinux_2_17_x86_64.manylinux2014_x86_64.whl (194 kB)
Collecting dill<0.3.9,>=0.3.0
  Using cached dill-0.3.8-py3-none-any.whl (116 kB)
Collecting pandas
  Using cached pandas-2.2.3-cp310-cp310-manylinux_2_17_x86_64.manylinux2014_x86_64.whl (13.1 MB)
Collecting multiprocess
  Using cached multiprocess-0.70.17-py310-none-any.whl (134 kB)
Collecting psutil
  Downloading psutil-6.1.0-cp36-abi3-manylinux_2_12_x86_64.manylinux2010_x86_64.manylinux_2_17_x86_64.manylinux2014_x86_64.whl (287 kB)
     ━━━━━━━━━━━━━━━━━━━━━━━━━━━━━━━━━━━━━━ 287.3/287.3 kB 42.5 MB/s eta 0:00:00
Collecting aiohappyeyeballs>=2.3.0
  Using cached aiohappyeyeballs-2.4.3-py3-none-any.whl (14 kB)
Collecting async-timeout<5.0,>=4.0
  Using cached async_timeout-4.0.3-py3-none-any.whl (5.7 kB)
Collecting yarl<2.0,>=1.12.0
  Using cached yarl-1.15.5-cp310-cp310-manylinux_2_17_x86_64.manylinux2014_x86_64.whl (314 kB)
Collecting frozenlist>=1.1.1
  Using cached frozenlist-1.4.1-cp310-cp310-manylinux_2_5_x86_64.manylinux1_x86_64.manylinux_2_17_x86_64.manylinux2014_x86_64.whl (239 kB)
Collecting attrs>=17.3.0
  Downloading attrs-24.2.0-py3-none-any.whl (63 kB)
     ━━━━━━━━━━━━━━━━━━━━━━━━━━━━━━━━━━━━━━━━ 63.0/63.0 kB 11.6 MB/s eta 0:00:00
Collecting aiosignal>=1.1.2
  Using cached aiosignal-1.3.1-py3-none-any.whl (7.6 kB)
Collecting multidict<7.0,>=4.5
  Using cached multidict-6.1.0-cp310-cp310-manylinux_2_17_x86_64.manylinux2014_x86_64.whl (124 kB)
Collecting urllib3<3,>=1.21.1
  Downloading urllib3-2.2.3-py3-none-any.whl (126 kB)
     ━━━━━━━━━━━━━━━━━━━━━━━━━━━━━━━━━━━━━━ 126.3/126.3 kB 22.9 MB/s eta 0:00:00
Collecting charset-normalizer<4,>=2
  Downloading charset_normalizer-3.4.0-cp310-cp310-manylinux_2_17_x86_64.manylinux2014_x86_64.whl (144 kB)
     ━━━━━━━━━━━━━━━━━━━━━━━━━━━━━━━━━━━━━━ 144.8/144.8 kB 21.8 MB/s eta 0:00:00
Collecting certifi>=2017.4.17
  Downloading certifi-2024.8.30-py3-none-any.whl (167 kB)
     ━━━━━━━━━━━━━━━━━━━━━━━━━━━━━━━━━━━━━━ 167.3/167.3 kB 27.7 MB/s eta 0:00:00
Collecting idna<4,>=2.5
  Downloading idna-3.10-py3-none-any.whl (70 kB)
     ━━━━━━━━━━━━━━━━━━━━━━━━━━━━━━━━━━━━━━━━ 70.4/70.4 kB 11.8 MB/s eta 0:00:00
Collecting MarkupSafe>=2.0
  Downloading MarkupSafe-3.0.2-cp310-cp310-manylinux_2_17_x86_64.manylinux2014_x86_64.whl (20 kB)
Collecting multiprocess
  Using cached multiprocess-0.70.16-py310-none-any.whl (134 kB)
Collecting tzdata>=2022.7
  Using cached tzdata-2024.2-py2.py3-none-any.whl (346 kB)
Collecting pytz>=2020.1
  Downloading pytz-2024.2-py2.py3-none-any.whl (508 kB)
     ━━━━━━━━━━━━━━━━━━━━━━━━━━━━━━━━━━━━━━ 508.0/508.0 kB 62.3 MB/s eta 0:00:00
Collecting python-dateutil>=2.8.2
  Downloading python_dateutil-2.9.0.post0-py2.py3-none-any.whl (229 kB)
     ━━━━━━━━━━━━━━━━━━━━━━━━━━━━━━━━━━━━━━ 229.9/229.9 kB 30.8 MB/s eta 0:00:00
Collecting six>=1.5
  Downloading six-1.16.0-py2.py3-none-any.whl (11 kB)
Collecting propcache>=0.2.0
  Using cached propcache-0.2.0-cp310-cp310-manylinux_2_17_x86_64.manylinux2014_x86_64.whl (208 kB)
Installing collected packages: pytz, mpmath, xxhash, urllib3, tzdata, typing-extensions, tqdm, sympy, six, safetensors, regex, pyyaml, psutil, propcache, packaging, nvidia-nvtx-cu12, nvidia-nvjitlink-cu12, nvidia-nccl-cu12, nvidia-curand-cu12, nvidia-cufft-cu12, nvidia-cuda-runtime-cu12, nvidia-cuda-nvrtc-cu12, nvidia-cuda-cupti-cu12, nvidia-cublas-cu12, numpy, networkx, MarkupSafe, idna, fsspec, frozenlist, filelock, dill, charset-normalizer, certifi, attrs, async-timeout, aiohappyeyeballs, triton, requests, python-dateutil, pyarrow, nvidia-cusparse-cu12, nvidia-cudnn-cu12, multiprocess, multidict, jinja2, aiosignal, yarl, pandas, nvidia-cusolver-cu12, huggingface-hub, torch, tokenizers, aiohttp, transformers, accelerate, datasets
ERROR: pip's dependency resolver does not currently take into account all the packages that are installed. This behaviour is the source of the following dependency conflicts.
poetry 1.2.2 requires urllib3<2.0.0,>=1.26.0, but you have urllib3 2.2.3 which is incompatible.
Successfully installed MarkupSafe-3.0.2 accelerate-1.0.1 aiohappyeyeballs-2.4.3 aiohttp-3.10.10 aiosignal-1.3.1 async-timeout-4.0.3 attrs-24.2.0 certifi-2024.8.30 charset-normalizer-3.4.0 datasets-3.0.1 dill-0.3.8 filelock-3.16.1 frozenlist-1.4.1 fsspec-2024.6.1 huggingface-hub-0.26.1 idna-3.10 jinja2-3.1.4 mpmath-1.3.0 multidict-6.1.0 multiprocess-0.70.16 networkx-3.4.2 numpy-2.1.2 nvidia-cublas-cu12-12.4.5.8 nvidia-cuda-cupti-cu12-12.4.127 nvidia-cuda-nvrtc-cu12-12.4.127 nvidia-cuda-runtime-cu12-12.4.127 nvidia-cudnn-cu12-9.1.0.70 nvidia-cufft-cu12-11.2.1.3 nvidia-curand-cu12-10.3.5.147 nvidia-cusolver-cu12-11.6.1.9 nvidia-cusparse-cu12-12.3.1.170 nvidia-nccl-cu12-2.21.5 nvidia-nvjitlink-cu12-12.4.127 nvidia-nvtx-cu12-12.4.127 packaging-24.1 pandas-2.2.3 propcache-0.2.0 psutil-6.1.0 pyarrow-17.0.0 python-dateutil-2.9.0.post0 pytz-2024.2 pyyaml-6.0.2 regex-2024.9.11 requests-2.32.3 safetensors-0.4.5 six-1.16.0 sympy-1.13.1 tokenizers-0.20.1 torch-2.5.0 tqdm-4.66.5 transformers-4.45.2 triton-3.1.0 typing-extensions-4.12.2 tzdata-2024.2 urllib3-2.2.3 xxhash-3.5.0 yarl-1.15.5

[notice] A new release of pip available: 22.3.1 -> 24.2
[notice] To update, run: pip install --upgrade pip
Traceback (most recent call last):
  File "/mnt/parscratch/users/aca22yn/wanda/main.py", line 3, in <module>
    import numpy as np
ModuleNotFoundError: No module named 'numpy'
