Requirement already satisfied: numpy in /users/aca22yn/.local/lib/python3.10/site-packages (2.1.2)
Requirement already satisfied: torch in /users/aca22yn/.local/lib/python3.10/site-packages (2.5.0)
Requirement already satisfied: transformers in /users/aca22yn/.local/lib/python3.10/site-packages (4.45.2)
Collecting datasets
  Downloading datasets-3.0.1-py3-none-any.whl (471 kB)
     ━━━━━━━━━━━━━━━━━━━━━━━━━━━━━━━━━━━━━━ 471.6/471.6 kB 11.6 MB/s eta 0:00:00
Requirement already satisfied: networkx in /users/aca22yn/.local/lib/python3.10/site-packages (from torch) (3.4.1)
Requirement already satisfied: nvidia-nvtx-cu12==12.4.127 in /users/aca22yn/.local/lib/python3.10/site-packages (from torch) (12.4.127)
Requirement already satisfied: filelock in /opt/apps/testapps/el7/software/staging/Python/3.10.8-GCCcore-12.2.0/lib/python3.10/site-packages (from torch) (3.8.0)
Requirement already satisfied: typing-extensions>=4.8.0 in /users/aca22yn/.local/lib/python3.10/site-packages (from torch) (4.12.2)
Requirement already satisfied: nvidia-cusolver-cu12==11.6.1.9 in /users/aca22yn/.local/lib/python3.10/site-packages (from torch) (11.6.1.9)
Requirement already satisfied: nvidia-cublas-cu12==12.4.5.8 in /users/aca22yn/.local/lib/python3.10/site-packages (from torch) (12.4.5.8)
Requirement already satisfied: nvidia-cufft-cu12==11.2.1.3 in /users/aca22yn/.local/lib/python3.10/site-packages (from torch) (11.2.1.3)
Requirement already satisfied: triton==3.1.0 in /users/aca22yn/.local/lib/python3.10/site-packages (from torch) (3.1.0)
Requirement already satisfied: nvidia-cuda-runtime-cu12==12.4.127 in /users/aca22yn/.local/lib/python3.10/site-packages (from torch) (12.4.127)
Requirement already satisfied: nvidia-cuda-nvrtc-cu12==12.4.127 in /users/aca22yn/.local/lib/python3.10/site-packages (from torch) (12.4.127)
Requirement already satisfied: jinja2 in /opt/apps/testapps/el7/software/staging/Python/3.10.8-GCCcore-12.2.0/lib/python3.10/site-packages (from torch) (3.1.2)
Requirement already satisfied: nvidia-cudnn-cu12==9.1.0.70 in /users/aca22yn/.local/lib/python3.10/site-packages (from torch) (9.1.0.70)
Requirement already satisfied: nvidia-nccl-cu12==2.21.5 in /users/aca22yn/.local/lib/python3.10/site-packages (from torch) (2.21.5)
Requirement already satisfied: fsspec in /users/aca22yn/.local/lib/python3.10/site-packages (from torch) (2024.10.0)
Requirement already satisfied: nvidia-nvjitlink-cu12==12.4.127 in /users/aca22yn/.local/lib/python3.10/site-packages (from torch) (12.4.127)
Requirement already satisfied: nvidia-cusparse-cu12==12.3.1.170 in /users/aca22yn/.local/lib/python3.10/site-packages (from torch) (12.3.1.170)
Requirement already satisfied: nvidia-curand-cu12==10.3.5.147 in /users/aca22yn/.local/lib/python3.10/site-packages (from torch) (10.3.5.147)
Requirement already satisfied: sympy==1.13.1 in /users/aca22yn/.local/lib/python3.10/site-packages (from torch) (1.13.1)
Requirement already satisfied: nvidia-cuda-cupti-cu12==12.4.127 in /users/aca22yn/.local/lib/python3.10/site-packages (from torch) (12.4.127)
Requirement already satisfied: mpmath<1.4,>=1.1.0 in /users/aca22yn/.local/lib/python3.10/site-packages (from sympy==1.13.1->torch) (1.3.0)
Requirement already satisfied: packaging>=20.0 in /opt/apps/testapps/el7/software/staging/Python/3.10.8-GCCcore-12.2.0/lib/python3.10/site-packages (from transformers) (21.3)
Requirement already satisfied: tokenizers<0.21,>=0.20 in /users/aca22yn/.local/lib/python3.10/site-packages (from transformers) (0.20.1)
Requirement already satisfied: pyyaml>=5.1 in /users/aca22yn/.local/lib/python3.10/site-packages (from transformers) (6.0.2)
Requirement already satisfied: huggingface-hub<1.0,>=0.23.2 in /users/aca22yn/.local/lib/python3.10/site-packages (from transformers) (0.26.0)
Requirement already satisfied: regex!=2019.12.17 in /opt/apps/testapps/el7/software/staging/Python/3.10.8-GCCcore-12.2.0/lib/python3.10/site-packages (from transformers) (2022.10.31)
Requirement already satisfied: requests in /opt/apps/testapps/el7/software/staging/Python/3.10.8-GCCcore-12.2.0/lib/python3.10/site-packages (from transformers) (2.28.1)
Requirement already satisfied: tqdm>=4.27 in /users/aca22yn/.local/lib/python3.10/site-packages (from transformers) (4.66.5)
Requirement already satisfied: safetensors>=0.4.1 in /users/aca22yn/.local/lib/python3.10/site-packages (from transformers) (0.4.5)
Collecting pyarrow>=15.0.0
  Downloading pyarrow-17.0.0-cp310-cp310-manylinux_2_17_x86_64.manylinux2014_x86_64.whl (39.9 MB)
     ━━━━━━━━━━━━━━━━━━━━━━━━━━━━━━━━━━━━━━━━ 39.9/39.9 MB 37.8 MB/s eta 0:00:00
Collecting dill<0.3.9,>=0.3.0
  Downloading dill-0.3.8-py3-none-any.whl (116 kB)
     ━━━━━━━━━━━━━━━━━━━━━━━━━━━━━━━━━━━━━━ 116.3/116.3 kB 14.8 MB/s eta 0:00:00
Collecting fsspec[http]<=2024.6.1,>=2023.1.0
  Downloading fsspec-2024.6.1-py3-none-any.whl (177 kB)
     ━━━━━━━━━━━━━━━━━━━━━━━━━━━━━━━━━━━━━━ 177.6/177.6 kB 29.2 MB/s eta 0:00:00
Collecting requests
  Downloading requests-2.32.3-py3-none-any.whl (64 kB)
     ━━━━━━━━━━━━━━━━━━━━━━━━━━━━━━━━━━━━━━━━ 64.9/64.9 kB 9.7 MB/s eta 0:00:00
Collecting pandas
  Downloading pandas-2.2.3-cp310-cp310-manylinux_2_17_x86_64.manylinux2014_x86_64.whl (13.1 MB)
     ━━━━━━━━━━━━━━━━━━━━━━━━━━━━━━━━━━━━━━━━ 13.1/13.1 MB 92.1 MB/s eta 0:00:00
Collecting xxhash
  Downloading xxhash-3.5.0-cp310-cp310-manylinux_2_17_x86_64.manylinux2014_x86_64.whl (194 kB)
     ━━━━━━━━━━━━━━━━━━━━━━━━━━━━━━━━━━━━━━ 194.1/194.1 kB 28.2 MB/s eta 0:00:00
Collecting multiprocess
  Downloading multiprocess-0.70.17-py310-none-any.whl (134 kB)
     ━━━━━━━━━━━━━━━━━━━━━━━━━━━━━━━━━━━━━━ 134.8/134.8 kB 21.0 MB/s eta 0:00:00
Collecting aiohttp
  Downloading aiohttp-3.10.10-cp310-cp310-manylinux_2_17_x86_64.manylinux2014_x86_64.whl (1.2 MB)
     ━━━━━━━━━━━━━━━━━━━━━━━━━━━━━━━━━━━━━━━━ 1.2/1.2 MB 94.7 MB/s eta 0:00:00
Collecting frozenlist>=1.1.1
  Downloading frozenlist-1.4.1-cp310-cp310-manylinux_2_5_x86_64.manylinux1_x86_64.manylinux_2_17_x86_64.manylinux2014_x86_64.whl (239 kB)
     ━━━━━━━━━━━━━━━━━━━━━━━━━━━━━━━━━━━━━━ 239.5/239.5 kB 32.6 MB/s eta 0:00:00
Collecting async-timeout<5.0,>=4.0
  Downloading async_timeout-4.0.3-py3-none-any.whl (5.7 kB)
Collecting aiosignal>=1.1.2
  Downloading aiosignal-1.3.1-py3-none-any.whl (7.6 kB)
Collecting yarl<2.0,>=1.12.0
  Downloading yarl-1.15.5-cp310-cp310-manylinux_2_17_x86_64.manylinux2014_x86_64.whl (314 kB)
     ━━━━━━━━━━━━━━━━━━━━━━━━━━━━━━━━━━━━━━ 314.5/314.5 kB 40.0 MB/s eta 0:00:00
Requirement already satisfied: attrs>=17.3.0 in /opt/apps/testapps/el7/software/staging/Python/3.10.8-GCCcore-12.2.0/lib/python3.10/site-packages (from aiohttp->datasets) (22.1.0)
Collecting multidict<7.0,>=4.5
  Downloading multidict-6.1.0-cp310-cp310-manylinux_2_17_x86_64.manylinux2014_x86_64.whl (124 kB)
     ━━━━━━━━━━━━━━━━━━━━━━━━━━━━━━━━━━━━━━ 124.6/124.6 kB 17.7 MB/s eta 0:00:00
Collecting aiohappyeyeballs>=2.3.0
  Downloading aiohappyeyeballs-2.4.3-py3-none-any.whl (14 kB)
Requirement already satisfied: pyparsing!=3.0.5,>=2.0.2 in /opt/apps/testapps/el7/software/staging/Python/3.10.8-GCCcore-12.2.0/lib/python3.10/site-packages (from packaging>=20.0->transformers) (3.0.9)
Requirement already satisfied: charset-normalizer<4,>=2 in /opt/apps/testapps/el7/software/staging/Python/3.10.8-GCCcore-12.2.0/lib/python3.10/site-packages (from requests->transformers) (2.1.1)
Requirement already satisfied: urllib3<3,>=1.21.1 in /opt/apps/testapps/el7/software/staging/Python/3.10.8-GCCcore-12.2.0/lib/python3.10/site-packages (from requests->transformers) (1.26.12)
Requirement already satisfied: certifi>=2017.4.17 in /opt/apps/testapps/el7/software/staging/Python/3.10.8-GCCcore-12.2.0/lib/python3.10/site-packages (from requests->transformers) (2022.9.24)
Requirement already satisfied: idna<4,>=2.5 in /opt/apps/testapps/el7/software/staging/Python/3.10.8-GCCcore-12.2.0/lib/python3.10/site-packages (from requests->transformers) (3.4)
Requirement already satisfied: MarkupSafe>=2.0 in /opt/apps/testapps/el7/software/staging/Python/3.10.8-GCCcore-12.2.0/lib/python3.10/site-packages (from jinja2->torch) (2.1.1)
Collecting multiprocess
  Downloading multiprocess-0.70.16-py310-none-any.whl (134 kB)
     ━━━━━━━━━━━━━━━━━━━━━━━━━━━━━━━━━━━━━━ 134.8/134.8 kB 18.4 MB/s eta 0:00:00
Requirement already satisfied: pytz>=2020.1 in /opt/apps/testapps/el7/software/staging/Python/3.10.8-GCCcore-12.2.0/lib/python3.10/site-packages (from pandas->datasets) (2022.6)
Requirement already satisfied: python-dateutil>=2.8.2 in /opt/apps/testapps/el7/software/staging/Python/3.10.8-GCCcore-12.2.0/lib/python3.10/site-packages (from pandas->datasets) (2.8.2)
Collecting tzdata>=2022.7
  Downloading tzdata-2024.2-py2.py3-none-any.whl (346 kB)
     ━━━━━━━━━━━━━━━━━━━━━━━━━━━━━━━━━━━━━━ 346.6/346.6 kB 43.0 MB/s eta 0:00:00
Requirement already satisfied: six>=1.5 in /opt/apps/testapps/el7/software/staging/Python/3.10.8-GCCcore-12.2.0/lib/python3.10/site-packages (from python-dateutil>=2.8.2->pandas->datasets) (1.16.0)
Collecting propcache>=0.2.0
  Downloading propcache-0.2.0-cp310-cp310-manylinux_2_17_x86_64.manylinux2014_x86_64.whl (208 kB)
     ━━━━━━━━━━━━━━━━━━━━━━━━━━━━━━━━━━━━━━ 208.9/208.9 kB 28.7 MB/s eta 0:00:00
Installing collected packages: xxhash, tzdata, requests, pyarrow, propcache, multidict, fsspec, frozenlist, dill, async-timeout, aiohappyeyeballs, yarl, pandas, multiprocess, aiosignal, aiohttp, datasets
  Attempting uninstall: fsspec
    Found existing installation: fsspec 2024.10.0
    Uninstalling fsspec-2024.10.0:
      Successfully uninstalled fsspec-2024.10.0
  WARNING: The script datasets-cli is installed in '/users/aca22yn/.local/bin' which is not on PATH.
  Consider adding this directory to PATH or, if you prefer to suppress this warning, use --no-warn-script-location.
Successfully installed aiohappyeyeballs-2.4.3 aiohttp-3.10.10 aiosignal-1.3.1 async-timeout-4.0.3 datasets-3.0.1 dill-0.3.8 frozenlist-1.4.1 fsspec-2024.6.1 multidict-6.1.0 multiprocess-0.70.16 pandas-2.2.3 propcache-0.2.0 pyarrow-17.0.0 requests-2.32.3 tzdata-2024.2 xxhash-3.5.0 yarl-1.15.5

[notice] A new release of pip available: 22.3.1 -> 24.2
[notice] To update, run: pip install --upgrade pip
torch 2.5.0
transformers 4.45.2
Traceback (most recent call last):
  File "/mnt/parscratch/users/aca22yn/wanda/main.py", line 13, in <module>
    print('accelerate', version('accelerate'))
  File "/opt/apps/testapps/el7/software/staging/Python/3.10.8-GCCcore-12.2.0/lib/python3.10/importlib/metadata/__init__.py", line 984, in version
    return distribution(distribution_name).version
  File "/opt/apps/testapps/el7/software/staging/Python/3.10.8-GCCcore-12.2.0/lib/python3.10/importlib/metadata/__init__.py", line 957, in distribution
    return Distribution.from_name(distribution_name)
  File "/opt/apps/testapps/el7/software/staging/Python/3.10.8-GCCcore-12.2.0/lib/python3.10/importlib/metadata/__init__.py", line 548, in from_name
    raise PackageNotFoundError(name)
importlib.metadata.PackageNotFoundError: No package metadata was found for accelerate
